0 silly input []
1 silly flags { _: [ 'bootstrap' ],
1 silly flags   'reject-cycles': false,
1 silly flags   rejectCycles: false,
1 silly flags   args: [] }
2 verbose rootPath /Users/gwilym/projects/founderlab/frameworkstein/frameworkstein
3 info version 2.5.0
4 silly existsSync /Users/gwilym/projects/founderlab/frameworkstein/frameworkstein/VERSION
5 error EPACKAGES Errored while collecting packages and package graph
6 error JSONError: Trailing comma in object at 23:3 in packages/fl-admin/package.json
6 error   },
6 error   ^
6 error     at module.exports (/usr/local/lib/node_modules/lerna/node_modules/parse-json/index.js:27:17)
6 error     at parse (/usr/local/lib/node_modules/lerna/node_modules/read-pkg/node_modules/load-json-file/index.js:8:29)
6 error     at Function.module.exports.sync.fp [as sync] (/usr/local/lib/node_modules/lerna/node_modules/read-pkg/node_modules/load-json-file/index.js:11:29)
6 error     at Function.module.exports.sync (/usr/local/lib/node_modules/lerna/node_modules/read-pkg/index.js:40:25)
6 error     at /usr/local/lib/node_modules/lerna/lib/PackageUtilities.js:129:47
6 error     at Array.forEach (native)
6 error     at /usr/local/lib/node_modules/lerna/lib/PackageUtilities.js:123:86
6 error     at Array.forEach (native)
6 error     at Function.getPackages (/usr/local/lib/node_modules/lerna/lib/PackageUtilities.js:122:22)
